<?xml version="1.0" encoding="UTF-8"?>
<testng-results ignored="0" total="1" passed="1" failed="0" skipped="0">
  <reporter-output>
  </reporter-output>
  <suite started-at="2022-07-28T10:31:26 PDT" name="Default suite" finished-at="2022-07-28T10:31:47 PDT" duration-ms="21659">
    <groups>
    </groups>
    <test started-at="2022-07-28T10:31:26 PDT" name="Default test" finished-at="2022-07-28T10:31:47 PDT" duration-ms="21659">
      <class name="com.google.imooc.testCase.Search">
        <test-method is-config="true" signature="beforeClass()[pri:0, instance:com.google.imooc.testCase.Search@2f217633]" started-at="2022-07-28T10:31:26 PDT" name="beforeClass" finished-at="2022-07-28T10:31:37 PDT" duration-ms="11019" status="PASS">
          <reporter-output>
          </reporter-output>
        </test-method> <!-- beforeClass -->
        <test-method signature="testSearch()[pri:0, instance:com.google.imooc.testCase.Search@2f217633]" started-at="2022-07-28T10:31:37 PDT" name="testSearch" finished-at="2022-07-28T10:31:47 PDT" duration-ms="10614" status="PASS">
          <reporter-output>
          </reporter-output>
        </test-method> <!-- testSearch -->
      </class> <!-- com.google.imooc.testCase.Search -->
    </test> <!-- Default test -->
  </suite> <!-- Default suite -->
</testng-results>
