<?xml version="1.0" encoding="UTF-8"?>
<!-- Generated by org.testng.reporters.JUnitXMLReporter -->
<testsuite ignored="0" hostname="guanwens-imac.lan" failures="1" tests="3" name="Test1" time="9.631" errors="0" timestamp="2022-07-24T18:33:57 PDT">
  <testcase classname="com.google.imooc.testCase.Login" name="@AfterClass closeDriver" time="0.007">
    <failure type="org.openqa.selenium.NoSuchWindowException" message="no such window: target window already closed
from unknown error: web view not found
  (Session info: chrome=103.0.5060.134)
Build info: version: &amp;apos;4.3.0&amp;apos;, revision: &amp;apos;a4995e2c09*&amp;apos;
System info: host: &amp;apos;guanwens-imac.lan&amp;apos;, ip: &amp;apos;192.168.86.102&amp;apos;, os.name: &amp;apos;Mac OS X&amp;apos;, os.arch: &amp;apos;x86_64&amp;apos;, os.version: &amp;apos;12.4&amp;apos;, java.version: &amp;apos;17.0.3&amp;apos;
Driver info: org.openqa.selenium.chrome.ChromeDriver
Command: [95d0f1b1d18b346b3bb48edb33157020, close {}]
Capabilities {acceptInsecureCerts: false, browserName: chrome, browserVersion: 103.0.5060.134, chrome: {chromedriverVersion: 103.0.5060.53 (a1711811edd7..., userDataDir: /var/folders/qw/rgstsdcj30n...}, goog:chromeOptions: {debuggerAddress: localhost:53064}, networkConnectionEnabled: false, pageLoadStrategy: normal, platformName: MAC, proxy: Proxy(), se:cdp: ws://localhost:53064/devtoo..., se:cdpVersion: 103.0.5060.134, setWindowRect: true, strictFileInteractability: false, timeouts: {implicit: 0, pageLoad: 300000, script: 30000}, unhandledPromptBehavior: dismiss and notify, webauthn:extension:credBlob: true, webauthn:extension:largeBlob: true, webauthn:virtualAuthenticators: true}
Session ID: 95d0f1b1d18b346b3bb48edb33157020">
      <![CDATA[org.openqa.selenium.NoSuchWindowException: no such window: target window already closed
from unknown error: web view not found
  (Session info: chrome=103.0.5060.134)
Build info: version: '4.3.0', revision: 'a4995e2c09*'
System info: host: 'guanwens-imac.lan', ip: '192.168.86.102', os.name: 'Mac OS X', os.arch: 'x86_64', os.version: '12.4', java.version: '17.0.3'
Driver info: org.openqa.selenium.chrome.ChromeDriver
Command: [95d0f1b1d18b346b3bb48edb33157020, close {}]
Capabilities {acceptInsecureCerts: false, browserName: chrome, browserVersion: 103.0.5060.134, chrome: {chromedriverVersion: 103.0.5060.53 (a1711811edd7..., userDataDir: /var/folders/qw/rgstsdcj30n...}, goog:chromeOptions: {debuggerAddress: localhost:53064}, networkConnectionEnabled: false, pageLoadStrategy: normal, platformName: MAC, proxy: Proxy(), se:cdp: ws://localhost:53064/devtoo..., se:cdpVersion: 103.0.5060.134, setWindowRect: true, strictFileInteractability: false, timeouts: {implicit: 0, pageLoad: 300000, script: 30000}, unhandledPromptBehavior: dismiss and notify, webauthn:extension:credBlob: true, webauthn:extension:largeBlob: true, webauthn:virtualAuthenticators: true}
Session ID: 95d0f1b1d18b346b3bb48edb33157020
at org.openqa.selenium.remote.codec.w3c.W3CHttpResponseCodec.createException(W3CHttpResponseCodec.java:200)
at org.openqa.selenium.remote.codec.w3c.W3CHttpResponseCodec.decode(W3CHttpResponseCodec.java:133)
at org.openqa.selenium.remote.codec.w3c.W3CHttpResponseCodec.decode(W3CHttpResponseCodec.java:53)
at org.openqa.selenium.remote.HttpCommandExecutor.execute(HttpCommandExecutor.java:184)
at org.openqa.selenium.remote.service.DriverCommandExecutor.invokeExecute(DriverCommandExecutor.java:167)
at org.openqa.selenium.remote.service.DriverCommandExecutor.execute(DriverCommandExecutor.java:142)
at org.openqa.selenium.remote.RemoteWebDriver.execute(RemoteWebDriver.java:569)
at org.openqa.selenium.remote.RemoteWebDriver.execute(RemoteWebDriver.java:624)
at org.openqa.selenium.remote.RemoteWebDriver.execute(RemoteWebDriver.java:628)
at org.openqa.selenium.remote.RemoteWebDriver.close(RemoteWebDriver.java:454)
at com.google.imooc.base.DriverBase.stop(DriverBase.java:19)
at com.google.imooc.testCase.Login.closeDriver(Login.java:36)
at java.base/java.util.ArrayList.forEach(ArrayList.java:1511)
... Removed 30 stack frames]]>
    </failure>
  </testcase> <!-- @AfterClass closeDriver -->
  <testcase classname="com.google.imooc.testCase.Login" name="testGetUrl" time="7.812"/>
  <testcase classname="com.google.imooc.testCase.Login" name="testGetLoginFrom" time="0.014">
    <failure type="org.openqa.selenium.NoSuchWindowException" message="no such window: window was already closed
  (Session info: chrome=103.0.5060.134)
Build info: version: &amp;apos;4.3.0&amp;apos;, revision: &amp;apos;a4995e2c09*&amp;apos;
System info: host: &amp;apos;guanwens-imac.lan&amp;apos;, ip: &amp;apos;192.168.86.102&amp;apos;, os.name: &amp;apos;Mac OS X&amp;apos;, os.arch: &amp;apos;x86_64&amp;apos;, os.version: &amp;apos;12.4&amp;apos;, java.version: &amp;apos;17.0.3&amp;apos;
Driver info: org.openqa.selenium.chrome.ChromeDriver
Command: [95d0f1b1d18b346b3bb48edb33157020, findElement {using=id, value=js-signin-btn}]
Capabilities {acceptInsecureCerts: false, browserName: chrome, browserVersion: 103.0.5060.134, chrome: {chromedriverVersion: 103.0.5060.53 (a1711811edd7..., userDataDir: /var/folders/qw/rgstsdcj30n...}, goog:chromeOptions: {debuggerAddress: localhost:53064}, networkConnectionEnabled: false, pageLoadStrategy: normal, platformName: MAC, proxy: Proxy(), se:cdp: ws://localhost:53064/devtoo..., se:cdpVersion: 103.0.5060.134, setWindowRect: true, strictFileInteractability: false, timeouts: {implicit: 0, pageLoad: 300000, script: 30000}, unhandledPromptBehavior: dismiss and notify, webauthn:extension:credBlob: true, webauthn:extension:largeBlob: true, webauthn:virtualAuthenticators: true}
Session ID: 95d0f1b1d18b346b3bb48edb33157020">
      <![CDATA[org.openqa.selenium.NoSuchWindowException: no such window: window was already closed
  (Session info: chrome=103.0.5060.134)
Build info: version: '4.3.0', revision: 'a4995e2c09*'
System info: host: 'guanwens-imac.lan', ip: '192.168.86.102', os.name: 'Mac OS X', os.arch: 'x86_64', os.version: '12.4', java.version: '17.0.3'
Driver info: org.openqa.selenium.chrome.ChromeDriver
Command: [95d0f1b1d18b346b3bb48edb33157020, findElement {using=id, value=js-signin-btn}]
Capabilities {acceptInsecureCerts: false, browserName: chrome, browserVersion: 103.0.5060.134, chrome: {chromedriverVersion: 103.0.5060.53 (a1711811edd7..., userDataDir: /var/folders/qw/rgstsdcj30n...}, goog:chromeOptions: {debuggerAddress: localhost:53064}, networkConnectionEnabled: false, pageLoadStrategy: normal, platformName: MAC, proxy: Proxy(), se:cdp: ws://localhost:53064/devtoo..., se:cdpVersion: 103.0.5060.134, setWindowRect: true, strictFileInteractability: false, timeouts: {implicit: 0, pageLoad: 300000, script: 30000}, unhandledPromptBehavior: dismiss and notify, webauthn:extension:credBlob: true, webauthn:extension:largeBlob: true, webauthn:virtualAuthenticators: true}
Session ID: 95d0f1b1d18b346b3bb48edb33157020
at org.openqa.selenium.remote.codec.w3c.W3CHttpResponseCodec.createException(W3CHttpResponseCodec.java:200)
at org.openqa.selenium.remote.codec.w3c.W3CHttpResponseCodec.decode(W3CHttpResponseCodec.java:133)
at org.openqa.selenium.remote.codec.w3c.W3CHttpResponseCodec.decode(W3CHttpResponseCodec.java:53)
at org.openqa.selenium.remote.HttpCommandExecutor.execute(HttpCommandExecutor.java:184)
at org.openqa.selenium.remote.service.DriverCommandExecutor.invokeExecute(DriverCommandExecutor.java:167)
at org.openqa.selenium.remote.service.DriverCommandExecutor.execute(DriverCommandExecutor.java:142)
at org.openqa.selenium.remote.RemoteWebDriver.execute(RemoteWebDriver.java:569)
at org.openqa.selenium.remote.ElementLocation$ElementFinder$2.findElement(ElementLocation.java:162)
at org.openqa.selenium.remote.ElementLocation.findElement(ElementLocation.java:66)
at org.openqa.selenium.remote.RemoteWebDriver.findElement(RemoteWebDriver.java:387)
at org.openqa.selenium.remote.RemoteWebDriver.findElement(RemoteWebDriver.java:379)
at com.google.imooc.base.DriverBase.findElement(DriverBase.java:24)
at com.google.imooc.page.BasePage.findElement(BasePage.java:18)
at com.google.imooc.page.HomePage.getLoginButton(HomePage.java:16)
at com.google.imooc.handle.HomePageHandle.clickLoginButton(HomePageHandle.java:16)
at com.google.imooc.business.HomePagePro.clickLoginButton(HomePagePro.java:14)
at com.google.imooc.testCase.Login.testGetLoginFrom(Login.java:47)
at java.base/java.util.ArrayList.forEach(ArrayList.java:1511)
... Removed 32 stack frames]]>
    </failure>
  </testcase> <!-- testGetLoginFrom -->
  <testcase classname="com.google.imooc.testCase.Login" name="testLogin" time="0.0">
    <skipped/>
  </testcase> <!-- testLogin -->
</testsuite> <!-- Test1 -->
